This is XeTeX, Version 3.141592653-2.6-0.999997 (TeX Live 2025) (preloaded format=xelatex 2026.1.8)  15 JAN 2026 16:43
entering extended mode
 restricted \write18 enabled.
 file:line:error style messages enabled.
 %&-line parsing enabled.
**main
(./main.tex
LaTeX2e <2024-11-01> patch level 2
L3 programming layer <2025-01-18>
(./HUSTthesis.cls
Document Class: HUSTthesis 2006/04/06 2.0 Huazhong University of Science and Technology Thesis Template
(d:/lexlive/texlive/2025/texmf-dist/tex/latex/base/book.cls
Document Class: book 2024/06/29 v1.4n Standard LaTeX document class
(d:/lexlive/texlive/2025/texmf-dist/tex/latex/base/bk12.clo
File: bk12.clo 2024/06/29 v1.4n Standard LaTeX file (size option)
)
\c@part=\count192
\c@chapter=\count193
\c@section=\count194
\c@subsection=\count195
\c@subsubsection=\count196
\c@paragraph=\count197
\c@subparagraph=\count198
\c@figure=\count199
\c@table=\count266
\abovecaptionskip=\skip49
\belowcaptionskip=\skip50
\bibindent=\dimen141
) (d:/lexlive/texlive/2025/texmf-dist/tex/latex/base/ifthen.sty
Package: ifthen 2024/03/16 v1.1e Standard LaTeX ifthen package (DPC)
) (d:/lexlive/texlive/2025/texmf-dist/tex/latex/tools/calc.sty
Package: calc 2023/07/08 v4.3 Infix arithmetic (KKT,FJ)
\calc@Acount=\count267
\calc@Bcount=\count268
\calc@Adimen=\dimen142
\calc@Bdimen=\dimen143
\calc@Askip=\skip51
\calc@Bskip=\skip52
LaTeX Info: Redefining \setlength on input line 80.
LaTeX Info: Redefining \addtolength on input line 81.
\calc@Ccount=\count269
\calc@Cskip=\skip53
) (d:/lexlive/texlive/2025/texmf-dist/tex/generic/iftex/ifpdf.sty
Package: ifpdf 2019/10/25 v3.4 ifpdf legacy package. Use iftex instead.
 (d:/lexlive/texlive/2025/texmf-dist/tex/generic/iftex/iftex.sty
Package: iftex 2024/12/12 v1.0g TeX engine tests
)) (d:/lexlive/texlive/2025/texmf-dist/tex/latex/psnfss/pifont.sty
Package: pifont 2020/03/25 PSNFSS-v9.3 Pi font support (SPQR) 
LaTeX Font Info:    Trying to load font information for U+pzd on input line 63.
 (d:/lexlive/texlive/2025/texmf-dist/tex/latex/psnfss/upzd.fd
File: upzd.fd 2001/06/04 font definitions for U/pzd.
)
LaTeX Font Info:    Trying to load font information for U+psy on input line 64.
 (d:/lexlive/texlive/2025/texmf-dist/tex/latex/psnfss/upsy.fd
File: upsy.fd 2001/06/04 font definitions for U/psy.
)) (d:/lexlive/texlive/2025/texmf-dist/tex/generic/iftex/ifxetex.sty
Package: ifxetex 2019/10/25 v0.7 ifxetex legacy package. Use iftex instead.
) (d:/lexlive/texlive/2025/texmf-dist/tex/latex/psnfss/helvet.sty
Package: helvet 2020/03/25 PSNFSS-v9.3 (WaS) 
 (d:/lexlive/texlive/2025/texmf-dist/tex/latex/graphics/keyval.sty
Package: keyval 2022/05/29 v1.15 key=value parser (DPC)
\KV@toks@=\toks17
)) (d:/lexlive/texlive/2025/texmf-dist/tex/latex/amsmath/amsmath.sty
Package: amsmath 2024/11/05 v2.17t AMS math features
\@mathmargin=\skip54

For additional information on amsmath, use the `?' option.
(d:/lexlive/texlive/2025/texmf-dist/tex/latex/amsmath/amstext.sty
Package: amstext 2021/08/26 v2.01 AMS text
 (d:/lexlive/texlive/2025/texmf-dist/tex/latex/amsmath/amsgen.sty
File: amsgen.sty 1999/11/30 v2.0 generic functions
\@emptytoks=\toks18
\ex@=\dimen144
)) (d:/lexlive/texlive/2025/texmf-dist/tex/latex/amsmath/amsbsy.sty
Package: amsbsy 1999/11/29 v1.2d Bold Symbols
\pmbraise@=\dimen145
) (d:/lexlive/texlive/2025/texmf-dist/tex/latex/amsmath/amsopn.sty
Package: amsopn 2022/04/08 v2.04 operator names
)
\inf@bad=\count270
LaTeX Info: Redefining \frac on input line 233.
\uproot@=\count271
\leftroot@=\count272
LaTeX Info: Redefining \overline on input line 398.
LaTeX Info: Redefining \colon on input line 409.
\classnum@=\count273
\DOTSCASE@=\count274
LaTeX Info: Redefining \ldots on input line 495.
LaTeX Info: Redefining \dots on input line 498.
LaTeX Info: Redefining \cdots on input line 619.
\Mathstrutbox@=\box52
\strutbox@=\box53
LaTeX Info: Redefining \big on input line 721.
LaTeX Info: Redefining \Big on input line 722.
LaTeX Info: Redefining \bigg on input line 723.
LaTeX Info: Redefining \Bigg on input line 724.
\big@size=\dimen146
LaTeX Font Info:    Redeclaring font encoding OML on input line 742.
LaTeX Font Info:    Redeclaring font encoding OMS on input line 743.
\macc@depth=\count275
LaTeX Info: Redefining \bmod on input line 904.
LaTeX Info: Redefining \pmod on input line 909.
LaTeX Info: Redefining \smash on input line 939.
LaTeX Info: Redefining \relbar on input line 969.
LaTeX Info: Redefining \Relbar on input line 970.
\c@MaxMatrixCols=\count276
\dotsspace@=\muskip17
\c@parentequation=\count277
\dspbrk@lvl=\count278
\tag@help=\toks19
\row@=\count279
\column@=\count280
\maxfields@=\count281
\andhelp@=\toks20
\eqnshift@=\dimen147
\alignsep@=\dimen148
\tagshift@=\dimen149
\tagwidth@=\dimen150
\totwidth@=\dimen151
\lineht@=\dimen152
\@envbody=\toks21
\multlinegap=\skip55
\multlinetaggap=\skip56
\mathdisplay@stack=\toks22
LaTeX Info: Redefining \[ on input line 2953.
LaTeX Info: Redefining \] on input line 2954.
) (d:/lexlive/texlive/2025/texmf-dist/tex/latex/amsfonts/amssymb.sty
Package: amssymb 2013/01/14 v3.01 AMS font symbols
 (d:/lexlive/texlive/2025/texmf-dist/tex/latex/amsfonts/amsfonts.sty
Package: amsfonts 2013/01/14 v3.01 Basic AMSFonts support
\symAMSa=\mathgroup4
\symAMSb=\mathgroup5
LaTeX Font Info:    Redeclaring math symbol \hbar on input line 98.
LaTeX Font Info:    Overwriting math alphabet `\mathfrak' in version `bold'
(Font)                  U/euf/m/n --> U/euf/b/n on input line 106.
)) (d:/lexlive/texlive/2025/texmf-dist/tex/latex/graphics/graphicx.sty
Package: graphicx 2021/09/16 v1.2d Enhanced LaTeX Graphics (DPC,SPQR)
 (d:/lexlive/texlive/2025/texmf-dist/tex/latex/graphics/graphics.sty
Package: graphics 2024/08/06 v1.4g Standard LaTeX Graphics (DPC,SPQR)
 (d:/lexlive/texlive/2025/texmf-dist/tex/latex/graphics/trig.sty
Package: trig 2023/12/02 v1.11 sin cos tan (DPC)
) (d:/lexlive/texlive/2025/texmf-dist/tex/latex/graphics-cfg/graphics.cfg
File: graphics.cfg 2016/06/04 v1.11 sample graphics configuration
)
Package graphics Info: Driver file: xetex.def on input line 106.
 (d:/lexlive/texlive/2025/texmf-dist/tex/latex/graphics-def/xetex.def
File: xetex.def 2022/09/22 v5.0n Graphics/color driver for xetex
))
\Gin@req@height=\dimen153
\Gin@req@width=\dimen154
) (d:/lexlive/texlive/2025/texmf-dist/tex/latex/subfig/subfig.sty
Package: subfig 2005/06/28 ver: 1.3 subfig package
 (d:/lexlive/texlive/2025/texmf-dist/tex/latex/caption/caption.sty
Package: caption 2023/08/05 v3.6o Customizing captions (AR)
 (d:/lexlive/texlive/2025/texmf-dist/tex/latex/caption/caption3.sty
Package: caption3 2023/07/31 v2.4d caption3 kernel (AR)
\caption@tempdima=\dimen155
\captionmargin=\dimen156
\caption@leftmargin=\dimen157
\caption@rightmargin=\dimen158
\caption@width=\dimen159
\caption@indent=\dimen160
\caption@parindent=\dimen161
\caption@hangindent=\dimen162
Package caption Info: Standard document class detected.
)
\c@caption@flags=\count282
\c@continuedfloat=\count283
)
\c@KVtest=\count284
\sf@farskip=\skip57
\sf@captopadj=\dimen163
\sf@capskip=\skip58
\sf@nearskip=\skip59


Package subfig Warning: Configuration file subfig.cfg not found on input line 297.

\c@subfigure=\count285
\c@subfigure@save=\count286
\c@lofdepth=\count287
\c@subtable=\count288
\c@subtable@save=\count289
\c@lotdepth=\count290
\sf@top=\skip60
\sf@bottom=\skip61
) (d:/lexlive/texlive/2025/texmf-dist/tex/latex/tools/indentfirst.sty
Package: indentfirst 2023/07/02 v1.03 Indent first paragraph (DPC)
) (d:/lexlive/texlive/2025/texmf-dist/tex/xelatex/xecjk/xeCJK.sty (d:/lexlive/texlive/2025/texmf-dist/tex/latex/l3kernel/expl3.sty
Package: expl3 2025-01-18 L3 programming layer (loader) 
 (d:/lexlive/texlive/2025/texmf-dist/tex/latex/l3backend/l3backend-xetex.def
File: l3backend-xetex.def 2024-05-08 L3 backend support: XeTeX
\g__graphics_track_int=\count291
\l__pdf_internal_box=\box54
\g__pdf_backend_annotation_int=\count292
\g__pdf_backend_link_int=\count293
))
Package: xeCJK 2022/08/05 v3.9.1 Typesetting CJK scripts with XeLaTeX
 (d:/lexlive/texlive/2025/texmf-dist/tex/latex/ctex/ctexhook.sty
Package: ctexhook 2022/07/14 v2.5.10 Document and package hooks (CTEX)
) (d:/lexlive/texlive/2025/texmf-dist/tex/latex/l3packages/xtemplate/xtemplate.sty
Package: xtemplate 2024-08-16 L3 Experimental prototype document functions
)
\l__xeCJK_tmp_int=\count294
\l__xeCJK_tmp_box=\box55
\l__xeCJK_tmp_dim=\dimen164
\l__xeCJK_tmp_skip=\skip62
\g__xeCJK_space_factor_int=\count295
\l__xeCJK_begin_int=\count296
\l__xeCJK_end_int=\count297
\c__xeCJK_CJK_class_int=\XeTeXcharclass1
\c__xeCJK_FullLeft_class_int=\XeTeXcharclass2
\c__xeCJK_FullRight_class_int=\XeTeXcharclass3
\c__xeCJK_HalfLeft_class_int=\XeTeXcharclass4
\c__xeCJK_HalfRight_class_int=\XeTeXcharclass5
\c__xeCJK_NormalSpace_class_int=\XeTeXcharclass6
\c__xeCJK_CM_class_int=\XeTeXcharclass7
\c__xeCJK_HangulJamo_class_int=\XeTeXcharclass8
\l__xeCJK_last_skip=\skip63
\c__xeCJK_none_node=\count298
\g__xeCJK_node_int=\count299
\c__xeCJK_CJK_node_dim=\dimen165
\c__xeCJK_CJK-space_node_dim=\dimen166
\c__xeCJK_default_node_dim=\dimen167
\c__xeCJK_CJK-widow_node_dim=\dimen168
\c__xeCJK_normalspace_node_dim=\dimen169
\c__xeCJK_default-space_node_skip=\skip64
\l__xeCJK_ccglue_skip=\skip65
\l__xeCJK_ecglue_skip=\skip66
\l__xeCJK_punct_kern_skip=\skip67
\l__xeCJK_indent_box=\box56
\l__xeCJK_last_penalty_int=\count300
\l__xeCJK_last_bound_dim=\dimen170
\l__xeCJK_last_kern_dim=\dimen171
\l__xeCJK_widow_penalty_int=\count301

LaTeX template Info: Declaring template type 'xeCJK/punctuation' taking 0
(template)           argument(s) on line 2396.

\l__xeCJK_fixed_punct_width_dim=\dimen172
\l__xeCJK_mixed_punct_width_dim=\dimen173
\l__xeCJK_middle_punct_width_dim=\dimen174
\l__xeCJK_fixed_margin_width_dim=\dimen175
\l__xeCJK_mixed_margin_width_dim=\dimen176
\l__xeCJK_middle_margin_width_dim=\dimen177
\l__xeCJK_bound_punct_width_dim=\dimen178
\l__xeCJK_bound_margin_width_dim=\dimen179
\l__xeCJK_margin_minimum_dim=\dimen180
\l__xeCJK_kerning_total_width_dim=\dimen181
\l__xeCJK_same_align_margin_dim=\dimen182
\l__xeCJK_different_align_margin_dim=\dimen183
\l__xeCJK_kerning_margin_width_dim=\dimen184
\l__xeCJK_kerning_margin_minimum_dim=\dimen185
\l__xeCJK_bound_dim=\dimen186
\l__xeCJK_reverse_bound_dim=\dimen187
\l__xeCJK_margin_dim=\dimen188
\l__xeCJK_minimum_bound_dim=\dimen189
\l__xeCJK_kerning_margin_dim=\dimen190
\g__xeCJK_family_int=\count302
\l__xeCJK_fam_int=\count303
\g__xeCJK_fam_allocation_int=\count304
\l__xeCJK_verb_case_int=\count305
\l__xeCJK_verb_exspace_skip=\skip68
 (d:/lexlive/texlive/2025/texmf-dist/tex/latex/fontspec/fontspec.sty (d:/lexlive/texlive/2025/texmf-dist/tex/latex/l3packages/xparse/xparse.sty
Package: xparse 2024-08-16 L3 Experimental document command parser
)
Package: fontspec 2024/05/11 v2.9e Font selection for XeLaTeX and LuaLaTeX
 (d:/lexlive/texlive/2025/texmf-dist/tex/latex/fontspec/fontspec-xetex.sty
Package: fontspec-xetex 2024/05/11 v2.9e Font selection for XeLaTeX and LuaLaTeX
\l__fontspec_script_int=\count306
\l__fontspec_language_int=\count307
\l__fontspec_strnum_int=\count308
\l__fontspec_tmp_int=\count309
\l__fontspec_tmpa_int=\count310
\l__fontspec_tmpb_int=\count311
\l__fontspec_tmpc_int=\count312
\l__fontspec_em_int=\count313
\l__fontspec_emdef_int=\count314
\l__fontspec_strong_int=\count315
\l__fontspec_strongdef_int=\count316
\l__fontspec_tmpa_dim=\dimen191
\l__fontspec_tmpb_dim=\dimen192
\l__fontspec_tmpc_dim=\dimen193
 (d:/lexlive/texlive/2025/texmf-dist/tex/latex/base/fontenc.sty
Package: fontenc 2021/04/29 v2.0v Standard LaTeX package
) (d:/lexlive/texlive/2025/texmf-dist/tex/latex/fontspec/fontspec.cfg))) (d:/lexlive/texlive/2025/texmf-dist/tex/xelatex/xecjk/xeCJK.cfg
File: xeCJK.cfg 2022/08/05 v3.9.1 Configuration file for xeCJK package
))

Package fontspec Info: 
(fontspec)             Font family 'SimSun.ttf(0)' created for font
(fontspec)             'SimSun.ttf' with options
(fontspec)             [Script={CJK},Path={font/},AutoFakeBold={2.25},ItalicFont={simkai.ttf}].
(fontspec)              
(fontspec)              This font family consists of the following NFSS
(fontspec)             series/shapes:
(fontspec)              
(fontspec)             - 'normal' (m/n) with NFSS spec.:
(fontspec)             <->"[font/SimSun.ttf]/OT:script=hani;language=dflt;"
(fontspec)             - 'bold' (b/n) with NFSS spec.:
(fontspec)             <->"[font/SimSun.ttf]/OT:script=hani;language=dflt;embolden=2.25;"
(fontspec)             - 'italic' (m/it) with NFSS spec.:
(fontspec)             <->"[font/simkai.ttf]/OT:script=hani;language=dflt;"



Package xeCJK Warning: Redefining CJKfamily `\CJKttdefault' (simfang.ttf).

(d:/lexlive/texlive/2025/texmf-dist/tex/latex/ntheorem/ntheorem.sty
Style `ntheorem', Version 1.33 <2011/08/15>
Package: ntheorem 2011/08/15 1.33
\theorem@style=\toks23
\theorem@@style=\toks24
\theorembodyfont=\toks25
\theoremnumbering=\toks26
\theorempreskipamount=\skip69
\theorempostskipamount=\skip70
\theoremframepreskipamount=\skip71
\theoremframepostskipamount=\skip72
\theoreminframepreskipamount=\skip73
\theoreminframepostskipamount=\skip74
\theorem@preskip=\toks27
\theorem@postskip=\toks28
\theorem@framepreskip=\toks29
\theorem@framepostskip=\toks30
\theorem@inframepreskip=\toks31
\theorem@inframepostskip=\toks32
\theoremindent=\dimen194
\theorem@indent=\dimen195
\theoremrightindent=\dimen196
\theorem@rightindent=\dimen197
\theoremheaderfont=\toks33
\theoremseparator=\toks34
\theoremprework=\toks35
\theorempostwork=\toks36
\theoremsymbol=\toks37
\qedsymbol=\toks38
\theoremkeyword=\toks39
\qedsymbol=\toks40
\thm@topsep=\skip75
\thm@topsepadd=\skip76
Package ntheorem Info: Option `thmmarks' loaded on input line 1175.
\c@endNonectr=\count317
\c@currNonectr=\count318
\mysavskip=\skip77
Package ntheorem Info: option `amsmath' handling for `thmmarks' loaded on input line 1175.
\thm@amstmpdepth=\dimen198
\tagwidth=\dimen199
) (d:/lexlive/texlive/2025/texmf-dist/tex/latex/tools/array.sty
Package: array 2024/10/17 v2.6g Tabular extension package (FMi)
\col@sep=\dimen256
\ar@mcellbox=\box57
\extrarowheight=\dimen257
\NC@list=\toks41
\extratabsurround=\skip78
\backup@length=\skip79
\ar@cellbox=\box58
) (d:/lexlive/texlive/2025/texmf-dist/tex/latex/booktabs/booktabs.sty
Package: booktabs 2020/01/12 v1.61803398 Publication quality tables
\heavyrulewidth=\dimen258
\lightrulewidth=\dimen259
\cmidrulewidth=\dimen260
\belowrulesep=\dimen261
\belowbottomsep=\dimen262
\aboverulesep=\dimen263
\abovetopsep=\dimen264
\cmidrulesep=\dimen265
\cmidrulekern=\dimen266
\defaultaddspace=\dimen267
\@cmidla=\count319
\@cmidlb=\count320
\@aboverulesep=\dimen268
\@belowrulesep=\dimen269
\@thisruleclass=\count321
\@lastruleclass=\count322
\@thisrulewidth=\dimen270
) (d:/lexlive/texlive/2025/texmf-dist/tex/latex/titlesec/titletoc.sty
Package: titletoc 2025/01/04 v2.17 TOC entries
\ttl@leftsep=\dimen271
) (d:/lexlive/texlive/2025/texmf-dist/tex/latex/natbib/natbib.sty
Package: natbib 2010/09/13 8.31b (PWD, AO)
\bibhang=\skip80
\bibsep=\skip81
LaTeX Info: Redefining \cite on input line 694.
\c@NAT@ctr=\count323
) (d:/lexlive/texlive/2025/texmf-dist/tex/latex/hyperref/hyperref.sty
Package: hyperref 2024-11-05 v7.01l Hypertext links for LaTeX
 (d:/lexlive/texlive/2025/texmf-dist/tex/latex/kvsetkeys/kvsetkeys.sty
Package: kvsetkeys 2022-10-05 v1.19 Key value parser (HO)
) (d:/lexlive/texlive/2025/texmf-dist/tex/generic/kvdefinekeys/kvdefinekeys.sty
Package: kvdefinekeys 2019-12-19 v1.6 Define keys (HO)
) (d:/lexlive/texlive/2025/texmf-dist/tex/generic/pdfescape/pdfescape.sty
Package: pdfescape 2019/12/09 v1.15 Implements pdfTeX's escape features (HO)
 (d:/lexlive/texlive/2025/texmf-dist/tex/generic/ltxcmds/ltxcmds.sty
Package: ltxcmds 2023-12-04 v1.26 LaTeX kernel commands for general use (HO)
) (d:/lexlive/texlive/2025/texmf-dist/tex/generic/pdftexcmds/pdftexcmds.sty
Package: pdftexcmds 2020-06-27 v0.33 Utility functions of pdfTeX for LuaTeX (HO)
 (d:/lexlive/texlive/2025/texmf-dist/tex/generic/infwarerr/infwarerr.sty
Package: infwarerr 2019/12/03 v1.5 Providing info/warning/error messages (HO)
)
Package pdftexcmds Info: \pdf@primitive is available.
Package pdftexcmds Info: \pdf@ifprimitive is available.
Package pdftexcmds Info: \pdfdraftmode not found.
)) (d:/lexlive/texlive/2025/texmf-dist/tex/latex/hycolor/hycolor.sty
Package: hycolor 2020-01-27 v1.10 Color options for hyperref/bookmark (HO)
) (d:/lexlive/texlive/2025/texmf-dist/tex/latex/hyperref/nameref.sty
Package: nameref 2023-11-26 v2.56 Cross-referencing by name of section
 (d:/lexlive/texlive/2025/texmf-dist/tex/latex/refcount/refcount.sty
Package: refcount 2019/12/15 v3.6 Data extraction from label references (HO)
) (d:/lexlive/texlive/2025/texmf-dist/tex/generic/gettitlestring/gettitlestring.sty
Package: gettitlestring 2019/12/15 v1.6 Cleanup title references (HO)
 (d:/lexlive/texlive/2025/texmf-dist/tex/latex/kvoptions/kvoptions.sty
Package: kvoptions 2022-06-15 v3.15 Key value format for package options (HO)
))
\c@section@level=\count324
) (d:/lexlive/texlive/2025/texmf-dist/tex/latex/etoolbox/etoolbox.sty
Package: etoolbox 2025/02/11 v2.5l e-TeX tools for LaTeX (JAW)
\etb@tempcnta=\count325
) (d:/lexlive/texlive/2025/texmf-dist/tex/generic/stringenc/stringenc.sty
Package: stringenc 2019/11/29 v1.12 Convert strings between diff. encodings (HO)
)
\@linkdim=\dimen272
\Hy@linkcounter=\count326
\Hy@pagecounter=\count327
 (d:/lexlive/texlive/2025/texmf-dist/tex/latex/hyperref/pd1enc.def
File: pd1enc.def 2024-11-05 v7.01l Hyperref: PDFDocEncoding definition (HO)
) (d:/lexlive/texlive/2025/texmf-dist/tex/generic/intcalc/intcalc.sty
Package: intcalc 2019/12/15 v1.3 Expandable calculations with integers (HO)
)
\Hy@SavedSpaceFactor=\count328
 (d:/lexlive/texlive/2025/texmf-dist/tex/latex/hyperref/puenc.def
File: puenc.def 2024-11-05 v7.01l Hyperref: PDF Unicode definition (HO)
)
Package hyperref Info: Hyper figures OFF on input line 4157.
Package hyperref Info: Link nesting OFF on input line 4162.
Package hyperref Info: Hyper index ON on input line 4165.
Package hyperref Info: Plain pages OFF on input line 4172.
Package hyperref Info: Backreferencing OFF on input line 4177.
Package hyperref Info: Implicit mode ON; LaTeX internals redefined.
Package hyperref Info: Bookmarks ON on input line 4424.
\c@Hy@tempcnt=\count329
 (d:/lexlive/texlive/2025/texmf-dist/tex/latex/url/url.sty
\Urlmuskip=\muskip18
Package: url 2013/09/16  ver 3.4  Verb mode for urls, etc.
)
LaTeX Info: Redefining \url on input line 4763.
\XeTeXLinkMargin=\dimen273
 (d:/lexlive/texlive/2025/texmf-dist/tex/generic/bitset/bitset.sty
Package: bitset 2019/12/09 v1.3 Handle bit-vector datatype (HO)
 (d:/lexlive/texlive/2025/texmf-dist/tex/generic/bigintcalc/bigintcalc.sty
Package: bigintcalc 2019/12/15 v1.5 Expandable calculations on big integers (HO)
))
\Fld@menulength=\count330
\Field@Width=\dimen274
\Fld@charsize=\dimen275
Package hyperref Info: Hyper figures OFF on input line 6042.
Package hyperref Info: Link nesting OFF on input line 6047.
Package hyperref Info: Hyper index ON on input line 6050.
Package hyperref Info: backreferencing OFF on input line 6057.
Package hyperref Info: Link coloring OFF on input line 6062.
Package hyperref Info: Link coloring with OCG OFF on input line 6067.
Package hyperref Info: PDF/A mode OFF on input line 6072.
 (d:/lexlive/texlive/2025/texmf-dist/tex/latex/base/atbegshi-ltx.sty
Package: atbegshi-ltx 2021/01/10 v1.0c Emulation of the original atbegshi
package with kernel methods
)
\Hy@abspage=\count331
\c@Item=\count332
\c@Hfootnote=\count333
)
Package hyperref Info: Driver: hxetex.
 (d:/lexlive/texlive/2025/texmf-dist/tex/latex/hyperref/hxetex.def
File: hxetex.def 2024-11-05 v7.01l Hyperref driver for XeTeX
\pdfm@box=\box59
\c@Hy@AnnotLevel=\count334
\HyField@AnnotCount=\count335
\Fld@listcount=\count336
\c@bookmark@seq@number=\count337
 (d:/lexlive/texlive/2025/texmf-dist/tex/latex/rerunfilecheck/rerunfilecheck.sty
Package: rerunfilecheck 2022-07-10 v1.10 Rerun checks for auxiliary files (HO)
 (d:/lexlive/texlive/2025/texmf-dist/tex/latex/base/atveryend-ltx.sty
Package: atveryend-ltx 2020/08/19 v1.0a Emulation of the original atveryend package
with kernel methods
) (d:/lexlive/texlive/2025/texmf-dist/tex/generic/uniquecounter/uniquecounter.sty
Package: uniquecounter 2019/12/15 v1.4 Provide unlimited unique counter (HO)
)
Package uniquecounter Info: New unique counter `rerunfilecheck' on input line 285.
)
\Hy@SectionHShift=\skip82
)
Package hyperref Info: Option `CJKbookmarks' set `true' on input line 234.
Package hyperref Info: Option `bookmarksnumbered' set `true' on input line 234.
Package hyperref Info: Option `bookmarksopen' set `true' on input line 234.
Package hyperref Info: Option `breaklinks' set `true' on input line 234.
Package hyperref Info: Option `colorlinks' set `true' on input line 234.
Package hyperref Info: Option `plainpages' set `false' on input line 234.
 (d:/lexlive/texlive/2025/texmf-dist/tex/latex/hypernat/hypernat.sty
Invalid UTF-8 byte or sequence at line 22 replaced by U+FFFD.
Invalid UTF-8 byte or sequence at line 24 replaced by U+FFFD.
Package: hypernat 2001/07/09 v1.0b hyperref and natbib compatibility (jb)
)
\HUSTtopsep=\skip83
\HUSTnormlabelsep=\dimen276
\labelindent=\dimen277
\HUSTlabelindent=\dimen278
\thu@linespace=\skip84
\CJKtwospaces=\skip85
\c@currdefinitionctr=\count338
\c@enddefinitionctr=\count339
\c@definition=\count340
\c@currpropositionctr=\count341
\c@endpropositionctr=\count342
\c@proposition=\count343
\c@currlemmactr=\count344
\c@endlemmactr=\count345
\c@lemma=\count346
\c@currtheoremctr=\count347
\c@endtheoremctr=\count348
\c@theorem=\count349
\c@curraxiomctr=\count350
\c@endaxiomctr=\count351
\c@axiom=\count352
\c@currcorollaryctr=\count353
\c@endcorollaryctr=\count354
\c@corollary=\count355
\c@currexercisectr=\count356
\c@endexercisectr=\count357
\c@exercise=\count358
\c@currexamplectr=\count359
\c@endexamplectr=\count360
\c@example=\count361
\c@currproofctr=\count362
\c@endproofctr=\count363
\c@proof=\count364
) (./HUSTtils.sty
Package: HUSTtils 2006/03/27 2.2 any packages you would like to use
 (d:/lexlive/texlive/2025/texmf-dist/tex/latex/multirow/multirow.sty
Package: multirow 2024/11/12 v2.9 Span multiple rows of a table
\multirow@colwidth=\skip86
\multirow@cntb=\count365
\multirow@dima=\skip87
\bigstrutjot=\dimen279
) (d:/lexlive/texlive/2025/texmf-dist/tex/generic/soul/soul.sty
Package: soul 2023-06-14 v3.1 Permit use of UTF-8 characters in soul (HO)
 (d:/lexlive/texlive/2025/texmf-dist/tex/generic/soul/soul-ori.sty
Package: soul-ori 2023-06-14 v3.1 letterspacing/underlining (mf)
\SOUL@word=\toks42
\SOUL@lasttoken=\toks43
\SOUL@syllable=\toks44
\SOUL@cmds=\toks45
\SOUL@buffer=\toks46
\SOUL@token=\toks47
\SOUL@syllgoal=\dimen280
\SOUL@syllwidth=\dimen281
\SOUL@charkern=\dimen282
\SOUL@hyphkern=\dimen283
\SOUL@dimen=\dimen284
\SOUL@dimeni=\dimen285
\SOUL@minus=\count366
\SOUL@comma=\count367
\SOUL@apo=\count368
\SOUL@grave=\count369
\SOUL@spaceskip=\skip88
\SOUL@ttwidth=\dimen286
\SOUL@uldp=\dimen287
\SOUL@ulht=\dimen288
) (d:/lexlive/texlive/2025/texmf-dist/tex/generic/etexcmds/etexcmds.sty
Package: etexcmds 2019/12/15 v1.7 Avoid name clashes with e-TeX commands (HO)
)) (d:/lexlive/texlive/2025/texmf-dist/tex/latex/makecell/makecell.sty
Package: makecell 2009/08/03 V0.1e Managing of Tab Column Heads and Cells
\rotheadsize=\dimen289
\c@nlinenum=\count370
\TeXr@lab=\toks48
) (d:/lexlive/texlive/2025/texmf-dist/tex/latex/graphics/color.sty
Package: color 2024/06/23 v1.3e Standard LaTeX Color (DPC)
 (d:/lexlive/texlive/2025/texmf-dist/tex/latex/graphics-cfg/color.cfg
File: color.cfg 2016/01/02 v1.6 sample color configuration
)
Package color Info: Driver file: xetex.def on input line 149.
 (d:/lexlive/texlive/2025/texmf-dist/tex/latex/graphics/mathcolor.ltx)) (d:/lexlive/texlive/2025/texmf-dist/tex/latex/algorithms/algorithmic.sty
Invalid UTF-8 byte or sequence at line 11 replaced by U+FFFD.
Package: algorithmic 2009/08/24 v0.1 Document Style `algorithmic'
\c@ALC@unique=\count371
\c@ALC@line=\count372
\c@ALC@rem=\count373
\c@ALC@depth=\count374
\ALC@tlm=\skip89
\algorithmicindent=\skip90
) (d:/lexlive/texlive/2025/texmf-dist/tex/latex/algorithms/algorithm.sty
Invalid UTF-8 byte or sequence at line 11 replaced by U+FFFD.
Package: algorithm 2009/08/24 v0.1 Document Style `algorithm' - floating environment
 (d:/lexlive/texlive/2025/texmf-dist/tex/latex/float/float.sty
Package: float 2001/11/08 v1.3d Float enhancements (AL)
\c@float@type=\count375
\float@exts=\toks49
\float@box=\box60
\@float@everytoks=\toks50
\@floatcapt=\box61
)
\@float@every@algorithm=\toks51
\c@algorithm=\count376
) (d:/lexlive/texlive/2025/texmf-dist/tex/latex/tools/longtable.sty
Package: longtable 2024-10-27 v4.22 Multi-page Table package (DPC)
\LTleft=\skip91
\LTright=\skip92
\LTpre=\skip93
\LTpost=\skip94
\LTchunksize=\count377
\LTcapwidth=\dimen290
\LT@head=\box62
\LT@firsthead=\box63
\LT@foot=\box64
\LT@lastfoot=\box65
\LT@gbox=\box66
\LT@cols=\count378
\LT@rows=\count379
\c@LT@tables=\count380
\c@LT@chunks=\count381
\LT@p@ftn=\toks52
) (d:/lexlive/texlive/2025/texmf-dist/tex/latex/overpic/overpic.sty
Package: overpic 2024/01/06 2.1 picture overlays (RN)
 (d:/lexlive/texlive/2025/texmf-dist/tex/latex/eepic/epic.sty
Enhancements to Picture Environment. Version 1.2 - Released June 1, 1986
\@@multicnt=\count382
\d@lta=\count383
\@delta=\dimen291
\@@delta=\dimen292
\@gridcnt=\count384
\@joinkind=\count385
\@dotgap=\dimen293
\@ddotgap=\dimen294
\@x@diff=\count386
\@y@diff=\count387
\x@diff=\dimen295
\y@diff=\dimen296
\@dotbox=\box67
\num@segments=\count388
\num@segmentsi=\count389
\@datafile=\read2
)
\OVP@box=\box68
))

Package fontspec Info: 
(fontspec)             Font family 'TimesNewRoman(0)' created for font 'Times
(fontspec)             New Roman' with options [Ligatures=TeX].
(fontspec)              
(fontspec)              This font family consists of the following NFSS
(fontspec)             series/shapes:
(fontspec)              
(fontspec)             - 'normal' (m/n) with NFSS spec.: <->"Times New
(fontspec)             Roman/OT:script=latn;language=dflt;mapping=tex-text;"
(fontspec)             - 'small caps'  (m/sc) with NFSS spec.: <->"Times New
(fontspec)             Roman/OT:script=latn;language=dflt;+smcp;mapping=tex-text;"
(fontspec)             - 'bold' (b/n) with NFSS spec.: <->"Times New
(fontspec)             Roman/B/OT:script=latn;language=dflt;mapping=tex-text;"
(fontspec)             - 'bold small caps'  (b/sc) with NFSS spec.: <->"Times
(fontspec)             New
(fontspec)             Roman/B/OT:script=latn;language=dflt;+smcp;mapping=tex-text;"
(fontspec)             - 'italic' (m/it) with NFSS spec.: <->"Times New
(fontspec)             Roman/I/OT:script=latn;language=dflt;mapping=tex-text;"
(fontspec)             - 'italic small caps'  (m/scit) with NFSS spec.:
(fontspec)             <->"Times New
(fontspec)             Roman/I/OT:script=latn;language=dflt;+smcp;mapping=tex-text;"
(fontspec)             - 'bold italic' (b/it) with NFSS spec.: <->"Times New
(fontspec)             Roman/BI/OT:script=latn;language=dflt;mapping=tex-text;"
(fontspec)             - 'bold italic small caps'  (b/scit) with NFSS spec.:
(fontspec)             <->"Times New
(fontspec)             Roman/BI/OT:script=latn;language=dflt;+smcp;mapping=tex-text;"

 (./main.aux (./body/denotation.aux) (./body/chap01.aux) (./body/chap02.aux) (./body/chap03.aux) (./body/chap04.aux) (./body/conclusion.aux

LaTeX Warning: Label `sec:conclusion' multiply defined.


LaTeX Warning: Label `sec:conclusion' multiply defined.

) (./body/ack.aux))
\openout1 = `main.aux'.

LaTeX Font Info:    Checking defaults for OML/cmm/m/it on input line 15.
LaTeX Font Info:    ... okay on input line 15.
LaTeX Font Info:    Checking defaults for OMS/cmsy/m/n on input line 15.
LaTeX Font Info:    ... okay on input line 15.
LaTeX Font Info:    Checking defaults for OT1/cmr/m/n on input line 15.
LaTeX Font Info:    ... okay on input line 15.
LaTeX Font Info:    Checking defaults for T1/cmr/m/n on input line 15.
LaTeX Font Info:    ... okay on input line 15.
LaTeX Font Info:    Checking defaults for TS1/cmr/m/n on input line 15.
LaTeX Font Info:    ... okay on input line 15.
LaTeX Font Info:    Checking defaults for TU/lmr/m/n on input line 15.
LaTeX Font Info:    ... okay on input line 15.
LaTeX Font Info:    Checking defaults for OMX/cmex/m/n on input line 15.
LaTeX Font Info:    ... okay on input line 15.
LaTeX Font Info:    Checking defaults for U/cmr/m/n on input line 15.
LaTeX Font Info:    ... okay on input line 15.
LaTeX Font Info:    Checking defaults for PD1/pdf/m/n on input line 15.
LaTeX Font Info:    ... okay on input line 15.
LaTeX Font Info:    Checking defaults for PU/pdf/m/n on input line 15.
LaTeX Font Info:    ... okay on input line 15.
Package caption Info: Begin \AtBeginDocument code.
Package caption Info: subfig package v1.3 is loaded.
Package caption Info: float package is loaded.
Package caption Info: hyperref package is loaded.
Package caption Info: longtable package is loaded.
 (d:/lexlive/texlive/2025/texmf-dist/tex/latex/caption/ltcaption.sty
Package: ltcaption 2021/01/08 v1.4c longtable captions (AR)
)
Package caption Info: End \AtBeginDocument code.

Package fontspec Info: 
(fontspec)             Adjusting the maths setup (use [no-math] to avoid
(fontspec)             this).

\symlegacymaths=\mathgroup6
LaTeX Font Info:    Overwriting symbol font `legacymaths' in version `bold'
(Font)                  OT1/cmr/m/n --> OT1/cmr/bx/n on input line 15.
LaTeX Font Info:    Redeclaring math accent \acute on input line 15.
LaTeX Font Info:    Redeclaring math accent \grave on input line 15.
LaTeX Font Info:    Redeclaring math accent \ddot on input line 15.
LaTeX Font Info:    Redeclaring math accent \tilde on input line 15.
LaTeX Font Info:    Redeclaring math accent \bar on input line 15.
LaTeX Font Info:    Redeclaring math accent \breve on input line 15.
LaTeX Font Info:    Redeclaring math accent \check on input line 15.
LaTeX Font Info:    Redeclaring math accent \hat on input line 15.
LaTeX Font Info:    Redeclaring math accent \dot on input line 15.
LaTeX Font Info:    Redeclaring math accent \mathring on input line 15.
LaTeX Font Info:    Redeclaring math symbol \Gamma on input line 15.
LaTeX Font Info:    Redeclaring math symbol \Delta on input line 15.
LaTeX Font Info:    Redeclaring math symbol \Theta on input line 15.
LaTeX Font Info:    Redeclaring math symbol \Lambda on input line 15.
LaTeX Font Info:    Redeclaring math symbol \Xi on input line 15.
LaTeX Font Info:    Redeclaring math symbol \Pi on input line 15.
LaTeX Font Info:    Redeclaring math symbol \Sigma on input line 15.
LaTeX Font Info:    Redeclaring math symbol \Upsilon on input line 15.
LaTeX Font Info:    Redeclaring math symbol \Phi on input line 15.
LaTeX Font Info:    Redeclaring math symbol \Psi on input line 15.
LaTeX Font Info:    Redeclaring math symbol \Omega on input line 15.
LaTeX Font Info:    Redeclaring math symbol \mathdollar on input line 15.
LaTeX Font Info:    Redeclaring symbol font `operators' on input line 15.
LaTeX Font Info:    Encoding `OT1' has changed to `TU' for symbol font
(Font)              `operators' in the math version `normal' on input line 15.
LaTeX Font Info:    Overwriting symbol font `operators' in version `normal'
(Font)                  OT1/cmr/m/n --> TU/TimesNewRoman(0)/m/n on input line 15.
LaTeX Font Info:    Encoding `OT1' has changed to `TU' for symbol font
(Font)              `operators' in the math version `bold' on input line 15.
LaTeX Font Info:    Overwriting symbol font `operators' in version `bold'
(Font)                  OT1/cmr/bx/n --> TU/TimesNewRoman(0)/m/n on input line 15.
LaTeX Font Info:    Overwriting symbol font `operators' in version `normal'
(Font)                  TU/TimesNewRoman(0)/m/n --> TU/TimesNewRoman(0)/m/n on input line 15.
LaTeX Font Info:    Overwriting math alphabet `\mathit' in version `normal'
(Font)                  OT1/cmr/m/it --> TU/TimesNewRoman(0)/m/it on input line 15.
LaTeX Font Info:    Overwriting math alphabet `\mathbf' in version `normal'
(Font)                  OT1/cmr/bx/n --> TU/TimesNewRoman(0)/b/n on input line 15.
LaTeX Font Info:    Overwriting math alphabet `\mathsf' in version `normal'
(Font)                  OT1/cmss/m/n --> TU/lmss/m/n on input line 15.
LaTeX Font Info:    Overwriting math alphabet `\mathtt' in version `normal'
(Font)                  OT1/cmtt/m/n --> TU/lmtt/m/n on input line 15.
LaTeX Font Info:    Overwriting symbol font `operators' in version `bold'
(Font)                  TU/TimesNewRoman(0)/m/n --> TU/TimesNewRoman(0)/b/n on input line 15.
LaTeX Font Info:    Overwriting math alphabet `\mathit' in version `bold'
(Font)                  OT1/cmr/bx/it --> TU/TimesNewRoman(0)/b/it on input line 15.
LaTeX Font Info:    Overwriting math alphabet `\mathsf' in version `bold'
(Font)                  OT1/cmss/bx/n --> TU/lmss/b/n on input line 15.
LaTeX Font Info:    Overwriting math alphabet `\mathtt' in version `bold'
(Font)                  OT1/cmtt/m/n --> TU/lmtt/b/n on input line 15.
Package hyperref Info: Link coloring ON on input line 15.
 (./main.out) (./main.out)
\@outlinefile=\write3
\openout3 = `main.out'.

 (./body/cover.tex)

Package fontspec Info: 
(fontspec)             Font family 'SimSun.ttf(1)' created for font
(fontspec)             'SimSun.ttf' with options
(fontspec)             [Script={CJK},Path={font/},AutoFakeBold={2.25},AutoFakeSlant={0.167}].
(fontspec)              
(fontspec)              This font family consists of the following NFSS
(fontspec)             series/shapes:
(fontspec)              
(fontspec)             - 'normal' (m/n) with NFSS spec.:
(fontspec)             <->"[font/SimSun.ttf]/OT:script=hani;language=dflt;"
(fontspec)             - 'bold' (b/n) with NFSS spec.:
(fontspec)             <->"[font/SimSun.ttf]/OT:script=hani;language=dflt;embolden=2.25;"
(fontspec)             - 'italic' (m/it) with NFSS spec.:
(fontspec)             <->"[font/SimSun.ttf]/OT:script=hani;language=dflt;slant=0.167;"
(fontspec)             - 'bold italic' (b/it) with NFSS spec.:
(fontspec)             <->"[font/SimSun.ttf]/OT:script=hani;language=dflt;embolden=2.25;slant=0.167;"

LaTeX Font Info:    Trying to load font information for U+msa on input line 24.
 (d:/lexlive/texlive/2025/texmf-dist/tex/latex/amsfonts/umsa.fd
File: umsa.fd 2013/01/14 v3.01 AMS symbols A
)
LaTeX Font Info:    Trying to load font information for U+msb on input line 24.
 (d:/lexlive/texlive/2025/texmf-dist/tex/latex/amsfonts/umsb.fd
File: umsb.fd 2013/01/14 v3.01 AMS symbols B
)
Overfull \hbox (60.0pt too wide) in paragraph at lines 24--24
 [] 
 []

File: figures/hust-flash-eps-crop.png Graphic file (type bmp)
<figures/hust-flash-eps-crop.png>

Package fontspec Info: 
(fontspec)             Font family 'STZhongsong.ttf(0)' created for font
(fontspec)             'STZhongsong.ttf' with options
(fontspec)             [Script={CJK},Path={font/},AutoFakeBold={2.25},AutoFakeSlant={0.167}].
(fontspec)              
(fontspec)              This font family consists of the following NFSS
(fontspec)             series/shapes:
(fontspec)              
(fontspec)             - 'normal' (m/n) with NFSS spec.:
(fontspec)             <->"[font/STZhongsong.ttf]/OT:script=hani;language=dflt;"
(fontspec)             - 'bold' (b/n) with NFSS spec.:
(fontspec)             <->"[font/STZhongsong.ttf]/OT:script=hani;language=dflt;embolden=2.25;"
(fontspec)             - 'italic' (m/it) with NFSS spec.:
(fontspec)             <->"[font/STZhongsong.ttf]/OT:script=hani;language=dflt;slant=0.167;"
(fontspec)             - 'bold italic' (b/it) with NFSS spec.:
(fontspec)             <->"[font/STZhongsong.ttf]/OT:script=hani;language=dflt;embolden=2.25;slant=0.167;"

LaTeX Font Info:    Calculating math sizes for size <15> on input line 24.


[1



]
Overfull \hbox (86.63878pt too wide) in paragraph at lines 24--24
[][] 
 []



[2

]

Package fontspec Info: 
(fontspec)             Font family 'SimHei.ttf(0)' created for font
(fontspec)             'SimHei.ttf' with options
(fontspec)             [Script={CJK},Path={font/},AutoFakeBold={2.25},AutoFakeSlant={0.167}].
(fontspec)              
(fontspec)              This font family consists of the following NFSS
(fontspec)             series/shapes:
(fontspec)              
(fontspec)             - 'normal' (m/n) with NFSS spec.:
(fontspec)             <->"[font/SimHei.ttf]/OT:script=hani;language=dflt;"
(fontspec)             - 'bold' (b/n) with NFSS spec.:
(fontspec)             <->"[font/SimHei.ttf]/OT:script=hani;language=dflt;embolden=2.25;"
(fontspec)             - 'italic' (m/it) with NFSS spec.:
(fontspec)             <->"[font/SimHei.ttf]/OT:script=hani;language=dflt;slant=0.167;"
(fontspec)             - 'bold italic' (b/it) with NFSS spec.:
(fontspec)             <->"[font/SimHei.ttf]/OT:script=hani;language=dflt;embolden=2.25;slant=0.167;"


Overfull \hbox (24.0pt too wide) in paragraph at lines 24--24
 []| [] 
 []


Overfull \hbox (24.0pt too wide) in paragraph at lines 24--24
 []| [] 
 []



[3

]

Package hyperref Warning: Token not allowed in a PDF string (Unicode):
(hyperref)                removing `\sihao' on input line 24.


Overfull \hbox (6.0pt too wide) in paragraph at lines 24--24
[] 
 []




Package fontspec Info: 
(fontspec)             Font family 'simkai.ttf(0)' created for font
(fontspec)             'simkai.ttf' with options
(fontspec)             [Script={CJK},Path={font/},AutoFakeBold={2.25},AutoFakeSlant={0.167}].
(fontspec)              
(fontspec)              This font family consists of the following NFSS
(fontspec)             series/shapes:
(fontspec)              
(fontspec)             - 'normal' (m/n) with NFSS spec.:
(fontspec)             <->"[font/simkai.ttf]/OT:script=hani;language=dflt;"
(fontspec)             - 'bold' (b/n) with NFSS spec.:
(fontspec)             <->"[font/simkai.ttf]/OT:script=hani;language=dflt;embolden=2.25;"
(fontspec)             - 'italic' (m/it) with NFSS spec.:
(fontspec)             <->"[font/simkai.ttf]/OT:script=hani;language=dflt;slant=0.167;"
(fontspec)             - 'bold italic' (b/it) with NFSS spec.:
(fontspec)             <->"[font/simkai.ttf]/OT:script=hani;language=dflt;embolden=2.25;slant=0.167;"

[1


]

[2]

Package hyperref Warning: Token not allowed in a PDF string (Unicode):
(hyperref)                removing `\sihao' on input line 24.


Overfull \hbox (6.0pt too wide) in paragraph at lines 24--25
[]
 []



[3


] (./main.toc

[4

])
\tf@toc=\write4
\openout4 = `main.toc'.



[5]
\openout2 = `body/denotation.aux'.

 (./body/denotation.tex

Package hyperref Warning: Token not allowed in a PDF string (Unicode):
(hyperref)                removing `\sihao' on input line 1.

)

[6


]
\openout2 = `body/chap01.aux'.

 (./body/chap01.tex
Chapter 1.

Package natbib Warning: Citation `中国视听报告' on page 1 undefined on input line 12.

File: figures/体育时空动作检测应用_1-1.png Graphic file (type bmp)
<figures/体育时空动作检测应用_1-1.png>


[1





]
Underfull \vbox (badness 10000) has occurred while \output is active []



[2]
File: figures/帧级、片段级时空动作检测_1-2.png Graphic file (type bmp)
<figures/帧级、片段级时空动作检测_1-2.png>


[3]

[4]

[5]

[6]
File: figures/Fig1-1.png Graphic file (type bmp)
<figures/Fig1-1.png>


[7]

[8])

[9]
\openout2 = `body/chap02.aux'.

 (./body/chap02.tex
Chapter 2.
File: figures/动作检测、时序动作检测、时空动作检测任务定义_2-1.png Graphic file (type bmp)
<figures/动作检测、时序动作检测、时空动作检测任务定义_2-1.png>


[10




]
LaTeX Font Info:    Calculating math sizes for size <11> on input line 66.


[11])

[12]
\openout2 = `body/chap03.aux'.

 (./body/chap03.tex
Chapter 3.
)

[13




]
\openout2 = `body/chap04.aux'.

 (./body/chap04.tex
Chapter 4.
File: figures/Fig4-1.png Graphic file (type bmp)
<figures/Fig4-1.png>


[14




]

[15]

[16]

[17]

[18]
Missing character: There is no ① (U+2460) in font Times New Roman/OT:script=latn;language=dflt;mapping=tex-text;!


[19]

Package natbib Warning: Citation `pan2018classification' on page 20 undefined on input line 188.


Package natbib Warning: Citation `pan2014cell' on page 20 undefined on input line 188.


Package natbib Warning: Citation `song2013asynchronous' on page 20 undefined on input line 188.


Package natbib Warning: Citation `lin2022adaptive' on page 20 undefined on input line 188.


Package natbib Warning: Citation `li2021large' on page 20 undefined on input line 193.


Package natbib Warning: Citation `shavlik1990readings' on page 20 undefined on input line 198.


Package natbib Warning: Citation `yan2006CFG' on page 20 undefined on input line 198.


Package natbib Warning: Citation `jxd1996' on page 20 undefined on input line 203.


Package natbib Warning: Citation `CCPT' on page 20 undefined on input line 203.

)

[20]
\openout2 = `body/conclusion.aux'.

 (./body/conclusion.tex
Chapter 5.
)

[21




]
\openout2 = `body/ack.aux'.

 (./body/ack.tex)

[22





]
No file main.bbl.
(./body/appendix01.tex
附录 1.
) (./body/appendix02.tex

[23




]
附录 2.

Underfull \hbox (badness 10000) in paragraph at lines 5--10

 []

) (./body/appendix03.tex

[24


]
附录 3.
)
\tf@thm=\write5
\openout5 = `main.thm'.



Package natbib Warning: There were undefined citations.



[25

] (./main.aux (./body/denotation.aux) (./body/chap01.aux) (./body/chap02.aux) (./body/chap03.aux) (./body/chap04.aux) (./body/conclusion.aux) (./body/ack.aux))
 ***********
LaTeX2e <2024-11-01> patch level 2
L3 programming layer <2022/08/05>
 ***********


LaTeX Warning: There were multiply-defined labels.


Package rerunfilecheck Warning: File `main.out' has changed.
(rerunfilecheck)                Rerun to get outlines right
(rerunfilecheck)                or use package `bookmark'.

Package rerunfilecheck Info: Checksums for `main.out':
(rerunfilecheck)             Before: 017482DD3929FF38175BA8709D7116E9;4915
(rerunfilecheck)             After:  E63A05C7770091DA26E0896EEBE828DD;4643.
 ) 
Here is how much of TeX's memory you used:
 18758 strings out of 473831
 408571 string characters out of 5729466
 812710 words of memory out of 5000000
 41437 multiletter control sequences out of 15000+600000
 571553 words of font info for 146 fonts, out of 8000000 for 9000
 1348 hyphenation exceptions out of 8191
 89i,12n,106p,861b,543s stack positions out of 10000i,1000n,20000p,200000b,200000s

Output written on main.pdf (34 pages).
