\BOOKMARK [0][]{section*.1}{\376\377\144\130\000\040\000\040\000\040\000\040\211\201}{}% 1
\BOOKMARK [0][]{section*.3}{\376\377\000A\000b\000s\000t\000r\000a\000c\000t}{}% 2
\BOOKMARK [0][]{chapter*.5}{\376\377\116\073\211\201\173\046\123\367\133\371\161\147\210\150}{}% 3
\BOOKMARK [0][]{chapter.1}{\376\377\0001\000\040\176\352\213\272}{}% 4
\BOOKMARK [1][]{section.1.1}{\376\377\0001\000.\0001\000\040\170\024\172\166\200\314\146\157\116\016\141\017\116\111}{chapter.1}% 5
\BOOKMARK [1][]{section.1.2}{\376\377\0001\000.\0002\000\040\126\375\121\205\131\026\170\024\172\166\163\260\162\266}{chapter.1}% 6
\BOOKMARK [1][]{section.1.3}{\376\377\0001\000.\0003\000\040\133\130\127\050\166\204\225\356\230\230}{chapter.1}% 7
\BOOKMARK [1][]{section.1.4}{\376\377\0001\000.\0004\000\040\147\054\145\207\116\073\211\201\121\205\133\271}{chapter.1}% 8
\BOOKMARK [0][]{chapter.2}{\376\377\0002\000\040\174\373\176\337\116\016\143\247\122\066\164\006\213\272\174\173\213\272\145\207\000*}{}% 9
\BOOKMARK [1][]{section.2.1}{\376\377\0002\000.\0001\000\040\137\025\212\000\377\010\137\025\212\000\150\007\230\230\123\357\220\011\377\011}{chapter.2}% 10
\BOOKMARK [1][]{section.2.2}{\376\377\0002\000.\0002\000\040\230\204\131\007\167\345\213\306\377\010\123\357\220\011\377\014\150\007\230\230\123\357\201\352\220\011\377\011}{chapter.2}% 11
\BOOKMARK [1][]{section.2.3}{\376\377\0002\000.\0003\000\040\225\356\230\230\166\204\143\317\217\360\377\010\213\367\142\337\133\232\121\167\117\123\166\204\230\230\166\356\377\011}{chapter.2}% 12
\BOOKMARK [1][]{section.2.4}{\376\377\0002\000.\0004\000\040\143\247\122\066\126\150\213\276\213\241\116\016\225\355\163\257\174\373\176\337\122\006\147\220\377\010\213\367\150\071\143\156\142\100\213\276\213\241\166\204\143\247\122\066\126\150\162\171\160\271\201\352\210\114\142\337\133\232\121\167\117\123\166\204\230\230\166\356\377\011}{chapter.2}% 13
\BOOKMARK [1][]{section.2.5}{\376\377\0002\000.\0005\000\040\145\160\120\074\116\377\167\037\377\010\213\367\142\337\133\232\121\167\117\123\166\204\230\230\166\356\377\011}{chapter.2}% 14
\BOOKMARK [1][]{section.2.6}{\376\377\0002\000.\0006\000\040\147\054\172\340\134\017\176\323}{chapter.2}% 15
\BOOKMARK [0][]{chapter.3}{\376\377\0003\000\040\164\006\213\272\000/\173\227\154\325\174\173\170\024\172\166\174\173\213\272\145\207}{}% 16
\BOOKMARK [1][]{section.3.1}{\376\377\0003\000.\0001\000\040\137\025\212\000\377\010\137\025\212\000\150\007\230\230\123\357\220\011\377\011}{chapter.3}% 17
\BOOKMARK [1][]{section.3.2}{\376\377\0003\000.\0002\000\040\000*\000*\164\006\213\272\000/\173\227\154\325}{chapter.3}% 18
\BOOKMARK [1][]{section.3.3}{\376\377\0003\000.\0003\000\040\000*\000*\116\377\167\037\142\026\173\227\154\325\133\236\163\260}{chapter.3}% 19
\BOOKMARK [1][]{section.3.4}{\376\377\0003\000.\0004\000\040\164\006\213\272\000/\173\227\154\325\121\306\170\156\140\047\166\204\213\304\117\060}{chapter.3}% 20
\BOOKMARK [1][]{section.3.5}{\376\377\0003\000.\0005\000\040\122\006\147\220\116\016\213\250\213\272}{chapter.3}% 21
\BOOKMARK [1][]{section.3.6}{\376\377\0003\000.\0006\000\040\147\054\172\340\134\017\176\323}{chapter.3}% 22
\BOOKMARK [0][]{chapter.4}{\376\377\0004\000\040\133\146\117\115\213\272\145\207\121\231\117\134\176\306\122\031}{}% 23
\BOOKMARK [1][]{section.4.1}{\376\377\0004\000.\0001\000\040\121\163\116\216\126\376}{chapter.4}% 24
\BOOKMARK [1][]{section.4.2}{\376\377\0004\000.\0002\000\040\121\163\116\216\210\150\150\074}{chapter.4}% 25
\BOOKMARK [1][]{section.4.3}{\376\377\0004\000.\0003\000\040\124\015\213\315\060\001\147\057\213\355}{chapter.4}% 26
\BOOKMARK [1][]{section.4.4}{\376\377\0004\000.\0004\000\040\173\046\123\367\060\001\123\125\117\115\166\204\117\177\165\050}{chapter.4}% 27
\BOOKMARK [1][]{section.4.5}{\376\377\0004\000.\0005\000\040\145\160\133\127\166\204\117\177\165\050}{chapter.4}% 28
\BOOKMARK [1][]{section.4.6}{\376\377\0004\000.\0006\000\040\121\166\133\203\136\224\213\345\154\350\141\017\166\204\225\356\230\230}{chapter.4}% 29
\BOOKMARK [0][]{chapter.5}{\376\377\0005\000\040\140\073\176\323\116\016\134\125\147\033}{}% 30
\BOOKMARK [1][]{section.5.1}{\376\377\0005\000.\0001\000\040\147\054\145\207\116\073\211\201\121\205\133\271\123\312\176\323\213\272}{chapter.5}% 31
\BOOKMARK [1][]{section.5.2}{\376\377\0005\000.\0002\000\040\147\054\145\207\116\073\211\201\122\033\145\260\160\271}{chapter.5}% 32
\BOOKMARK [1][]{section.5.3}{\376\377\0005\000.\0003\000\040\134\125\147\033}{chapter.5}% 33
\BOOKMARK [0][]{section*.12}{\376\377\201\364\000\040\214\042}{}% 34
\BOOKMARK [0][]{appendix.A}{\376\377\0001\000\040\145\073\213\373\170\125\130\353\133\146\117\115\147\037\225\364\123\326\137\227\166\204\170\024\172\166\142\020\147\234}{}% 35
\BOOKMARK [0][]{appendix.B}{\376\377\0002\000\040\145\073\213\373\170\125\130\353\133\146\117\115\147\037\225\364\123\302\116\016\166\204\171\321\170\024\230\171\166\356}{}% 36
\BOOKMARK [0][]{appendix.C}{\376\377\0003\000\040\121\166\116\326\226\104\137\125}{}% 37
